<?xml version="1.0" encoding="UTF-8"?>
<!-- Generated by org.testng.reporters.JUnitReportReporter -->
<testsuite hostname="DESKTOP-4HGCE0I" failures="0" tests="8" name="testCases.TC_002_LoginTest" time="19.612" errors="0" timestamp="2025-06-09T17:12:22 IST" skipped="0">
  <testcase classname="testCases.TC_002_LoginTest" name="verify_login_with_valid_credentials" time="3.935"/>
  <testcase classname="testCases.TC_002_LoginTest" name="verify_login_with_invalid_password" time="2.309"/>
  <testcase classname="testCases.TC_002_LoginTest" name="verify_login_with_invalid_email" time="2.750"/>
  <testcase classname="testCases.TC_002_LoginTest" name="verify_login_with_invalid_email_and_password" time="2.294"/>
  <testcase classname="testCases.TC_002_LoginTest" name="verify_login_with_empty_credentials" time="2.688"/>
  <testcase classname="testCases.TC_002_LoginTest" name="verify_login_with_blank_email" time="2.172"/>
  <testcase classname="testCases.TC_002_LoginTest" name="verify_login_with_blank_password" time="2.363"/>
  <testcase classname="testCases.TC_002_LoginTest" name="verify_login_page_forgot_password_link_present" time="1.101"/>
</testsuite> <!-- testCases.TC_002_LoginTest -->
